/auth/login error: Error: connect ECONNREFUSED 180.255.119.74:5432
    at C:\AIAttend_v2\node_modules\pg-pool\index.js:45:11
    at processTicksAndRejections (node:internal/process/task_queues:105:5)
    at async C:\AIAttend_v2\backend\hono.ts:2547:18
    at async dispatch (C:\AIAttend_v2\node_modules\hono\dist\cjs\compose.js:44:17)
    at async C:\AIAttend_v2\backend\hono.ts:1308:3
    at async dispatch (C:\AIAttend_v2\node_modules\hono\dist\cjs\compose.js:44:17)
    at async cors2 (C:\AIAttend_v2\node_modules\hono\dist\cjs\middleware\cors\index.js:101:5)
    at async dispatch (C:\AIAttend_v2\node_modules\hono\dist\cjs\compose.js:44:17)
    at async C:\AIAttend_v2\node_modules\hono\dist\cjs\hono-base.js:223:25
    at async responseViaResponseObject (C:\AIAttend_v2\node_modules\@hono\node-server\dist\index.js:446:13) {
  errno: -4078,
  code: 'ECONNREFUSED',
  syscall: 'connect',
  address: '180.255.119.74',
  port: 5432
}
/auth/login error: Error: connect ECONNREFUSED 180.255.119.74:5432
    at C:\AIAttend_v2\node_modules\pg-pool\index.js:45:11
    at processTicksAndRejections (node:internal/process/task_queues:105:5)
    at async C:\AIAttend_v2\backend\hono.ts:2547:18
    at async dispatch (C:\AIAttend_v2\node_modules\hono\dist\cjs\compose.js:44:17)
    at async C:\AIAttend_v2\backend\hono.ts:1308:3
    at async dispatch (C:\AIAttend_v2\node_modules\hono\dist\cjs\compose.js:44:17)
    at async cors2 (C:\AIAttend_v2\node_modules\hono\dist\cjs\middleware\cors\index.js:101:5)
    at async dispatch (C:\AIAttend_v2\node_modules\hono\dist\cjs\compose.js:44:17)
    at async C:\AIAttend_v2\node_modules\hono\dist\cjs\hono-base.js:223:25
    at async responseViaResponseObject (C:\AIAttend_v2\node_modules\@hono\node-server\dist\index.js:446:13) {
  errno: -4078,
  code: 'ECONNREFUSED',
  syscall: 'connect',
  address: '180.255.119.74',
  port: 5432
}
